  pvz.cpp
D:\Git_project\CPlusPlus_Project\pvz\pvz.cpp(183,13): warning C4996: 'fopen': This function or variable may be unsafe. Consider using fopen_s instead. To disable deprecation, use _CRT_SECURE_NO_WARNINGS. See online help for details.
D:\Git_project\CPlusPlus_Project\pvz\pvz.cpp(254,12): warning C4244: “参数”: 从“time_t”转换到“unsigned int”，可能丢失数据
D:\Git_project\CPlusPlus_Project\pvz\pvz.cpp(262,2): warning C4996: 'strcpy': This function or variable may be unsafe. Consider using strcpy_s instead. To disable deprecation, use _CRT_SECURE_NO_WARNINGS. See online help for details.
D:\Git_project\CPlusPlus_Project\pvz\pvz.cpp(280,129): warning C4244: “参数”: 从“double”转换到“int”，可能丢失数据
D:\Git_project\CPlusPlus_Project\pvz\pvz.cpp(280,94): warning C4244: “参数”: 从“double”转换到“int”，可能丢失数据
D:\Git_project\CPlusPlus_Project\pvz\pvz.cpp(419,76): warning C4244: “参数”: 从“__int64”转换到“int”，可能丢失数据
D:\Git_project\CPlusPlus_Project\pvz\pvz.cpp(419,44): warning C4244: “参数”: 从“__int64”转换到“int”，可能丢失数据
D:\Git_project\CPlusPlus_Project\pvz\pvz.cpp(426,76): warning C4244: “参数”: 从“__int64”转换到“int”，可能丢失数据
D:\Git_project\CPlusPlus_Project\pvz\pvz.cpp(426,44): warning C4244: “参数”: 从“__int64”转换到“int”，可能丢失数据
D:\Git_project\CPlusPlus_Project\pvz\pvz.cpp(594,36): warning C4244: “参数”: 从“__int64”转换到“int”，可能丢失数据
D:\Git_project\CPlusPlus_Project\pvz\pvz.cpp(596,19): warning C4244: “初始化”: 从“__int64”转换到“double”，可能丢失数据
D:\Git_project\CPlusPlus_Project\pvz\pvz.cpp(620,67): warning C4244: “参数”: 从“__int64”转换到“int”，可能丢失数据
D:\Git_project\CPlusPlus_Project\pvz\pvz.cpp(620,42): warning C4244: “参数”: 从“double”转换到“int”，可能丢失数据
D:\Git_project\CPlusPlus_Project\pvz\pvz.cpp(621,67): warning C4244: “参数”: 从“__int64”转换到“int”，可能丢失数据
D:\Git_project\CPlusPlus_Project\pvz\pvz.cpp(621,42): warning C4244: “参数”: 从“double”转换到“int”，可能丢失数据
D:\Git_project\CPlusPlus_Project\pvz\pvz.cpp(640,45): warning C4244: “参数”: 从“double”转换到“float”，可能丢失数据
D:\Git_project\CPlusPlus_Project\pvz\pvz.cpp(658,51): warning C4244: “参数”: 从“double”转换到“float”，可能丢失数据
D:\Git_project\CPlusPlus_Project\pvz\pvz.cpp(670,44): warning C4244: “参数”: 从“double”转换到“float”，可能丢失数据
D:\Git_project\CPlusPlus_Project\pvz\pvz.cpp(748,31): warning C4244: “-=”: 从“double”转换到“int”，可能丢失数据
D:\Git_project\CPlusPlus_Project\pvz\pvz.cpp(1037,24): warning C4244: “+=”: 从“double”转换到“int”，可能丢失数据
D:\Git_project\CPlusPlus_Project\pvz\pvz.cpp(1081,10): warning C4244: “初始化”: 从“__int64”转换到“int”，可能丢失数据
D:\Git_project\CPlusPlus_Project\pvz\pvz.cpp(1082,10): warning C4244: “初始化”: 从“__int64”转换到“int”，可能丢失数据
D:\Git_project\CPlusPlus_Project\pvz\pvz.cpp(1089,21): warning C4244: “初始化”: 从“__int64”转换到“double”，可能丢失数据
D:\Git_project\CPlusPlus_Project\pvz\pvz.cpp(1299,49): warning C4244: “参数”: 从“__int64”转换到“int”，可能丢失数据
D:\Git_project\CPlusPlus_Project\pvz\pvz.cpp(1299,35): warning C4244: “参数”: 从“__int64”转换到“int”，可能丢失数据
D:\Git_project\CPlusPlus_Project\pvz\pvz.cpp(1314,39): warning C4244: “参数”: 从“__int64”转换到“int”，可能丢失数据
D:\Git_project\CPlusPlus_Project\pvz\pvz.cpp(1314,26): warning C4244: “参数”: 从“__int64”转换到“int”，可能丢失数据
D:\Git_project\CPlusPlus_Project\pvz\pvz.cpp(1325,50): warning C4244: “参数”: 从“__int64”转换到“int”，可能丢失数据
D:\Git_project\CPlusPlus_Project\pvz\pvz.cpp(1325,36): warning C4244: “参数”: 从“__int64”转换到“int”，可能丢失数据
LINK : warning LNK4075: 忽略“/INCREMENTAL”(由于“/OPT:ICF”规范)
  pvz.vcxproj -> D:\Git_project\CPlusPlus_Project\pvz\x64\Release\pvz.exe
